<?xml version="1.0" encoding="UTF-8"?>
<testsuite xmlns:xsi="http://www.w3.org/2001/XMLSchema-instance" xsi:noNamespaceSchemaLocation="https://maven.apache.org/surefire/maven-surefire-plugin/xsd/surefire-test-report.xsd" name="pers.mrwangx.AppTest" time="0.021" tests="2" errors="0" skipped="1" failures="0">
  <properties>
[...]
</properties>
  <testcase name="test1" classname="pers.mrwangx.AppTest" time="0">
    <skipped/>
  </testcase>
  <testcase name="test2" classname="pers.mrwangx.AppTest" time="0.001"/>
</testsuite>